<?xml version="1.0" encoding="UTF-8"?>
<!-- Generated by org.testng.reporters.JUnitXMLReporter -->
<testsuite hostname="DESKTOP-6FD628N" ignored="0" name="Command line test" tests="2" failures="0" timestamp="2021-06-26T07:27:02 ICT" time="2.869" errors="0">
  <testcase name="checkApiFindbyProperty" time="2.792" classname="com.example.core.test.ListenGuideLineTest"/>
  <testcase name="testFindByProperty" time="0.0" classname="com.example.core.test.ListenGuideLineTest"/>
</testsuite> <!-- Command line test -->
