<?xml version="1.0" encoding="UTF-8"?>
<!-- Generated by org.testng.reporters.JUnitXMLReporter -->
<testsuite hostname="DESKTOP-6FD628N" ignored="0" name="Command line test" tests="3" failures="0" timestamp="2021-07-13T18:22:33 ICT" time="4.975" errors="0">
  <testcase name="TestImport" time="4.741" classname="com.example.core.test.ImportTest"/>
  <testcase name="checkApiFindbyProperty" time="0.033" classname="com.example.core.test.ListenGuideLineTest"/>
  <testcase name="testFindByProperty" time="0.0" classname="com.example.core.test.ListenGuideLineTest"/>
</testsuite> <!-- Command line test -->
